Build started 2/17/2013 11:40:32 PM.
     1>Project "C:\Users\sean\Documents\GitHub\hw1\ConsoleApplication1\ConsoleApplication1.vcxproj" on node 2 (Build target(s)).
     1>ClCompile:
         C:\Program Files (x86)\Microsoft Visual Studio 11.0\VC\bin\CL.exe /c /ZI /nologo /W3 /WX- /sdl /Od /Oy- /D WIN32 /D _DEBUG /D _CONSOLE /D _UNICODE /D UNICODE /Gm /EHsc /RTC1 /MDd /GS /fp:precise /Zc:wchar_t /Zc:forScope /Fo"Debug\\" /Fd"Debug\vc110.pdb" /Gd /TP /analyze- /errorReport:prompt ..\main.cpp ..\node.cpp ..\set.cpp
         set.cpp
         node.cpp
         main.cpp
         Generating Code...
       Link:
         C:\Program Files (x86)\Microsoft Visual Studio 11.0\VC\bin\link.exe /ERRORREPORT:PROMPT /OUT:"C:\Users\sean\Documents\GitHub\hw1\ConsoleApplication1\Debug\ConsoleApplication1.exe" /INCREMENTAL /NOLOGO kernel32.lib user32.lib gdi32.lib winspool.lib comdlg32.lib advapi32.lib shell32.lib ole32.lib oleaut32.lib uuid.lib odbc32.lib odbccp32.lib /MANIFEST /MANIFESTUAC:"level='asInvoker' uiAccess='false'" /manifest:embed /DEBUG /PDB:"C:\Users\sean\Documents\GitHub\hw1\ConsoleApplication1\Debug\ConsoleApplication1.pdb" /SUBSYSTEM:CONSOLE /TLBID:1 /DYNAMICBASE /NXCOMPAT /IMPLIB:"C:\Users\sean\Documents\GitHub\hw1\ConsoleApplication1\Debug\ConsoleApplication1.lib" /MACHINE:X86 Debug\main.obj
         Debug\node.obj
         Debug\set.obj
         Debug\stdafx.obj
     1>main.obj : error LNK2019: unresolved external symbol "class std::basic_ostream<char,struct std::char_traits<char> > & __cdecl operator<<(class std::basic_ostream<char,struct std::char_traits<char> > &,class Set<int> const &)" (??6@YAAAV?$basic_ostream@DU?$char_traits@D@std@@@std@@AAV01@ABV?$Set@H@@@Z) referenced in function _main
     1>main.obj : error LNK2019: unresolved external symbol "public: __thiscall Set<int>::Set<int>(void)" (??0?$Set@H@@QAE@XZ) referenced in function _main
     1>main.obj : error LNK2019: unresolved external symbol "public: virtual __thiscall Set<int>::~Set<int>(void)" (??1?$Set@H@@UAE@XZ) referenced in function _main
     1>main.obj : error LNK2019: unresolved external symbol "public: void __thiscall Set<int>::add(int)" (?add@?$Set@H@@QAEXH@Z) referenced in function _main
     1>main.obj : error LNK2019: unresolved external symbol "public: int __thiscall Set<int>::rm(void)" (?rm@?$Set@H@@QAEHXZ) referenced in function _main
     1>main.obj : error LNK2019: unresolved external symbol "public: int __thiscall Set<int>::getCur(void)" (?getCur@?$Set@H@@QAEHXZ) referenced in function _main
     1>main.obj : error LNK2019: unresolved external symbol "public: bool __thiscall Set<int>::search(int)" (?search@?$Set@H@@QAE_NH@Z) referenced in function _main
     1>C:\Users\sean\Documents\GitHub\hw1\ConsoleApplication1\Debug\ConsoleApplication1.exe : fatal error LNK1120: 7 unresolved externals
     1>Done Building Project "C:\Users\sean\Documents\GitHub\hw1\ConsoleApplication1\ConsoleApplication1.vcxproj" (Build target(s)) -- FAILED.

Build FAILED.

Time Elapsed 00:00:01.65
